# JRE version: Java(TM) SE Runtime Environment (8.0_171-b11) (build 1.8.0_171-b11)
# Java VM: Java HotSpot(TM) 64-Bit Server VM (25.171-b11 mixed mode windows-amd64 compressed oops)
Heap:
 PSYoungGen      total 140800K, used 4428K [0x000000076b800000, 0x000000077bb00000, 0x00000007c0000000)
  eden space 130048K, 0% used [0x000000076b800000,0x000000076b800000,0x0000000773700000)
  from space 10752K, 41% used [0x0000000774180000,0x00000007745d3160,0x0000000774c00000)
  to   space 10752K, 0% used [0x0000000773700000,0x0000000773700000,0x0000000774180000)
 ParOldGen       total 196608K, used 122404K [0x00000006c2800000, 0x00000006ce800000, 0x000000076b800000)
  object space 196608K, 62% used [0x00000006c2800000,0x00000006c9f891b0,0x00000006ce800000)
 Metaspace       used 20836K, capacity 21062K, committed 21248K, reserved 1067008K
  class space    used 2880K, capacity 2945K, committed 3072K, reserved 1048576K
GC Heap History (10 events):
Event: 4.470 GC heap after
Heap after GC invocations=10 (full 0):
 PSYoungGen      total 140800K, used 9951K [0x000000076b800000, 0x0000000774c00000, 0x00000007c0000000)
  eden space 130048K, 0% used [0x000000076b800000,0x000000076b800000,0x0000000773700000)
  from space 10752K, 92% used [0x0000000774180000,0x0000000774b37dc8,0x0000000774c00000)
  to   space 10752K, 0% used [0x0000000773700000,0x0000000773700000,0x0000000774180000)
 ParOldGen       total 173568K, used 122139K [0x00000006c2800000, 0x00000006cd180000, 0x000000076b800000)
  object space 173568K, 70% used [0x00000006c2800000,0x00000006c9f46db0,0x00000006cd180000)
 Metaspace       used 20848K, capacity 21028K, committed 21248K, reserved 1067008K
  class space    used 2882K, capacity 2950K, committed 3072K, reserved 1048576K
}
Event: 4.656 GC heap before
{Heap before GC invocations=11 (full 0):
 PSYoungGen      total 140800K, used 139487K [0x000000076b800000, 0x0000000774c00000, 0x00000007c0000000)
  eden space 130048K, 99% used [0x000000076b800000,0x000000077367fec8,0x0000000773700000)
  from space 10752K, 92% used [0x0000000774180000,0x0000000774b37dc8,0x0000000774c00000)
  to   space 10752K, 0% used [0x0000000773700000,0x0000000773700000,0x0000000774180000)
 ParOldGen       total 173568K, used 122139K [0x00000006c2800000, 0x00000006cd180000, 0x000000076b800000)
  object space 173568K, 70% used [0x00000006c2800000,0x00000006c9f46db0,0x00000006cd180000)
 Metaspace       used 20855K, capacity 21092K, committed 21248K, reserved 1067008K
  class space    used 2882K, capacity 2950K, committed 3072K, reserved 1048576K
Event: 4.658 GC heap after
Heap after GC invocations=11 (full 0):
 PSYoungGen      total 140800K, used 1201K [0x000000076b800000, 0x0000000774c00000, 0x00000007c0000000)
  eden space 130048K, 0% used [0x000000076b800000,0x000000076b800000,0x0000000773700000)
  from space 10752K, 11% used [0x0000000773700000,0x000000077382c628,0x0000000774180000)
  to   space 10752K, 0% used [0x0000000774180000,0x0000000774180000,0x0000000774c00000)
 ParOldGen       total 173568K, used 123079K [0x00000006c2800000, 0x00000006cd180000, 0x000000076b800000)
  object space 173568K, 70% used [0x00000006c2800000,0x00000006ca031ef0,0x00000006cd180000)
 Metaspace       used 20855K, capacity 21092K, committed 21248K, reserved 1067008K
  class space    used 2882K, capacity 2950K, committed 3072K, reserved 1048576K
}
Event: 5.082 GC heap before
{Heap before GC invocations=12 (full 0):
 PSYoungGen      total 140800K, used 123983K [0x000000076b800000, 0x0000000774c00000, 0x00000007c0000000)
  eden space 130048K, 94% used [0x000000076b800000,0x0000000772fe78a8,0x0000000773700000)
  from space 10752K, 11% used [0x0000000773700000,0x000000077382c628,0x0000000774180000)
  to   space 10752K, 0% used [0x0000000774180000,0x0000000774180000,0x0000000774c00000)
 ParOldGen       total 173568K, used 123079K [0x00000006c2800000, 0x00000006cd180000, 0x000000076b800000)
  object space 173568K, 70% used [0x00000006c2800000,0x00000006ca031ef0,0x00000006cd180000)
 Metaspace       used 20855K, capacity 21092K, committed 21248K, reserved 1067008K
  class space    used 2882K, capacity 2950K, committed 3072K, reserved 1048576K
Event: 5.095 GC heap after
Heap after GC invocations=12 (full 0):
 PSYoungGen      total 140800K, used 10620K [0x000000076b800000, 0x0000000774c00000, 0x00000007c0000000)
  eden space 130048K, 0% used [0x000000076b800000,0x000000076b800000,0x0000000773700000)
  from space 10752K, 98% used [0x0000000774180000,0x0000000774bdf3e8,0x0000000774c00000)
  to   space 10752K, 0% used [0x0000000773700000,0x0000000773700000,0x0000000774180000)
 ParOldGen       total 173568K, used 162261K [0x00000006c2800000, 0x00000006cd180000, 0x000000076b800000)
  object space 173568K, 93% used [0x00000006c2800000,0x00000006cc6756d0,0x00000006cd180000)
 Metaspace       used 20855K, capacity 21092K, committed 21248K, reserved 1067008K
  class space    used 2882K, capacity 2950K, committed 3072K, reserved 1048576K
}
Event: 5.095 GC heap before
{Heap before GC invocations=13 (full 1):
 PSYoungGen      total 140800K, used 10620K [0x000000076b800000, 0x0000000774c00000, 0x00000007c0000000)
  eden space 130048K, 0% used [0x000000076b800000,0x000000076b800000,0x0000000773700000)
  from space 10752K, 98% used [0x0000000774180000,0x0000000774bdf3e8,0x0000000774c00000)
  to   space 10752K, 0% used [0x0000000773700000,0x0000000773700000,0x0000000774180000)
 ParOldGen       total 173568K, used 162261K [0x00000006c2800000, 0x00000006cd180000, 0x000000076b800000)
  object space 173568K, 93% used [0x00000006c2800000,0x00000006cc6756d0,0x00000006cd180000)
 Metaspace       used 20855K, capacity 21092K, committed 21248K, reserved 1067008K
  class space    used 2882K, capacity 2950K, committed 3072K, reserved 1048576K
Event: 5.117 GC heap after
Heap after GC invocations=13 (full 1):
 PSYoungGen      total 140800K, used 0K [0x000000076b800000, 0x0000000774c00000, 0x00000007c0000000)
  eden space 130048K, 0% used [0x000000076b800000,0x000000076b800000,0x0000000773700000)
  from space 10752K, 0% used [0x0000000774180000,0x0000000774180000,0x0000000774c00000)
  to   space 10752K, 0% used [0x0000000773700000,0x0000000773700000,0x0000000774180000)
 ParOldGen       total 196608K, used 80174K [0x00000006c2800000, 0x00000006ce800000, 0x000000076b800000)
  object space 196608K, 40% used [0x00000006c2800000,0x00000006c764b8b0,0x00000006ce800000)
 Metaspace       used 20836K, capacity 21062K, committed 21248K, reserved 1067008K
  class space    used 2880K, capacity 2945K, committed 3072K, reserved 1048576K
}
Event: 5.461 GC heap before
{Heap before GC invocations=14 (full 1):
 PSYoungGen      total 140800K, used 129757K [0x000000076b800000, 0x0000000774c00000, 0x00000007c0000000)
  eden space 130048K, 99% used [0x000000076b800000,0x00000007736b77b0,0x0000000773700000)
  from space 10752K, 0% used [0x0000000774180000,0x0000000774180000,0x0000000774c00000)
  to   space 10752K, 0% used [0x0000000773700000,0x0000000773700000,0x0000000774180000)
 ParOldGen       total 196608K, used 80174K [0x00000006c2800000, 0x00000006ce800000, 0x000000076b800000)
  object space 196608K, 40% used [0x00000006c2800000,0x00000006c764b8b0,0x00000006ce800000)
 Metaspace       used 20836K, capacity 21062K, committed 21248K, reserved 1067008K
  class space    used 2880K, capacity 2945K, committed 3072K, reserved 1048576K
Event: 5.466 GC heap after
Heap after GC invocations=14 (full 1):
 PSYoungGen      total 140800K, used 10472K [0x000000076b800000, 0x0000000774c00000, 0x00000007c0000000)
  eden space 130048K, 0% used [0x000000076b800000,0x000000076b800000,0x0000000773700000)
  from space 10752K, 97% used [0x0000000773700000,0x000000077413a140,0x0000000774180000)
  to   space 10752K, 0% used [0x0000000774180000,0x0000000774180000,0x0000000774c00000)
 ParOldGen       total 196608K, used 115196K [0x00000006c2800000, 0x00000006ce800000, 0x000000076b800000)
  object space 196608K, 58% used [0x00000006c2800000,0x00000006c987f3a0,0x00000006ce800000)
 Metaspace       used 20836K, capacity 21062K, committed 21248K, reserved 1067008K
  class space    used 2880K, capacity 2945K, committed 3072K, reserved 1048576K
}
Event: 5.625 GC heap before
{Heap before GC invocations=15 (full 1):
 PSYoungGen      total 140800K, used 138470K [0x000000076b800000, 0x0000000774c00000, 0x00000007c0000000)
  eden space 130048K, 98% used [0x000000076b800000,0x00000007734ff818,0x0000000773700000)
  from space 10752K, 97% used [0x0000000773700000,0x000000077413a140,0x0000000774180000)
  to   space 10752K, 0% used [0x0000000774180000,0x0000000774180000,0x0000000774c00000)
 ParOldGen       total 196608K, used 115196K [0x00000006c2800000, 0x00000006ce800000, 0x000000076b800000)
  object space 196608K, 58% used [0x00000006c2800000,0x00000006c987f3a0,0x00000006ce800000)
 Metaspace       used 20836K, capacity 21062K, committed 21248K, reserved 1067008K
  class space    used 2880K, capacity 2945K, committed 3072K, reserved 1048576K

